[     153ms] [ERROR] Warning: The tag <%s> is unrecognized in this browser. If you meant to render a React component, start its name with an uppercase letter.%s animate 
    at animate
    at span
    at div
    at PatternIndicator (http://localhost:5173/@fs/home/lain/git/nrv/src/components/NERVAdvanced.tsx:1128:36)
    at div
    at div
    at div
    at CRTOverlay (http://localhost:5173/@fs/home/lain/git/nrv/src/components/Effects.tsx:526:30)
    at AlertProvider (http://localhost:5173/@fs/home/lain/git/nrv/src/components/NERVAlert.tsx:13:33)
    at NERVAuthenticDemo (http://localhost:5173/nerv_authentic_demo.tsx?t=1773970071349:205:16) @ http://localhost:5173/@vite/client:509
[     376ms] [ERROR] Failed to load resource: the server responded with a status of 404 (Not Found) @ http://localhost:5173/favicon.ico:0
[  538723ms] [ERROR] Warning: The tag <%s> is unrecognized in this browser. If you meant to render a React component, start its name with an uppercase letter.%s animate 
    at animate
    at span
    at div
    at PatternIndicator (http://localhost:5173/@fs/home/lain/git/nrv/src/components/NERVAdvanced.tsx:1128:36)
    at div
    at div
    at div
    at CRTOverlay (http://localhost:5173/@fs/home/lain/git/nrv/src/components/Effects.tsx:526:30)
    at AlertProvider (http://localhost:5173/@fs/home/lain/git/nrv/src/components/NERVAlert.tsx:13:33)
    at NERVAuthenticDemo (http://localhost:5173/nerv_authentic_demo.tsx?t=1773970221089:205:16) @ http://localhost:5173/@vite/client:509
[  594092ms] [ERROR] Warning: The tag <%s> is unrecognized in this browser. If you meant to render a React component, start its name with an uppercase letter.%s animate 
    at animate
    at span
    at div
    at PatternIndicator (http://localhost:5173/@fs/home/lain/git/nrv/src/components/NERVAdvanced.tsx:1128:36)
    at div
    at div
    at div
    at CRTOverlay (http://localhost:5173/@fs/home/lain/git/nrv/src/components/Effects.tsx:526:30)
    at AlertProvider (http://localhost:5173/@fs/home/lain/git/nrv/src/components/NERVAlert.tsx:13:33)
    at NERVAuthenticDemo (http://localhost:5173/nerv_authentic_demo.tsx?t=1773970729292:205:16) @ http://localhost:5173/@vite/client:509
[  602707ms] [ERROR] Warning: The tag <%s> is unrecognized in this browser. If you meant to render a React component, start its name with an uppercase letter.%s animate 
    at animate
    at span
    at div
    at PatternIndicator (http://localhost:5173/@fs/home/lain/git/nrv/src/components/NERVAdvanced.tsx:1128:36)
    at div
    at div
    at div
    at CRTOverlay (http://localhost:5173/@fs/home/lain/git/nrv/src/components/Effects.tsx:526:30)
    at AlertProvider (http://localhost:5173/@fs/home/lain/git/nrv/src/components/NERVAlert.tsx:13:33)
    at NERVAuthenticDemo (http://localhost:5173/nerv_authentic_demo.tsx?t=1773970729292:205:16) @ http://localhost:5173/@vite/client:509
[  602836ms] [ERROR] Failed to load resource: the server responded with a status of 404 (Not Found) @ http://localhost:5173/favicon.ico:0
[  665551ms] [ERROR] Warning: The tag <%s> is unrecognized in this browser. If you meant to render a React component, start its name with an uppercase letter.%s animate 
    at animate
    at span
    at div
    at PatternIndicator (http://localhost:5173/@fs/home/lain/git/nrv/src/components/NERVAdvanced.tsx:1128:36)
    at div
    at div
    at div
    at CRTOverlay (http://localhost:5173/@fs/home/lain/git/nrv/src/components/Effects.tsx:526:30)
    at AlertProvider (http://localhost:5173/@fs/home/lain/git/nrv/src/components/NERVAlert.tsx:13:33)
    at NERVAuthenticDemo (http://localhost:5173/nerv_authentic_demo.tsx?t=1773970729292:205:16) @ http://localhost:5173/@vite/client:509
[  665732ms] [ERROR] Failed to load resource: the server responded with a status of 404 (Not Found) @ http://localhost:5173/favicon.ico:0
